3043 [Test worker] INFO  tests.TestBase     ### Start test searchCar
3046 [Test worker] INFO  manager.MyListener  Start searching element by By.xpath: //a[normalize-space()='Logout']
13071 [Test worker] INFO  manager.MyListener  The element with locator by By.xpath: //a[normalize-space()='Logout'] is found successful
13073 [Test worker] INFO  manager.MyListener  Start searching element by By.xpath: //a[text()=' Log in ']
13091 [Test worker] INFO  manager.MyListener  The element with locator by By.xpath: //a[text()=' Log in '] is found successful
13160 [Test worker] INFO  manager.MyListener  Start searching element by By.xpath: //input[@id='email']
13184 [Test worker] INFO  manager.MyListener  The element with locator by By.xpath: //input[@id='email'] is found successful
13343 [Test worker] INFO  manager.MyListener  Start searching element by By.xpath: //input[@id='password']
13357 [Test worker] INFO  manager.MyListener  The element with locator by By.xpath: //input[@id='password'] is found successful
13480 [Test worker] INFO  manager.MyListener  Start searching element by By.cssSelector: button[type='submit']
13497 [Test worker] INFO  manager.MyListener  The element with locator by By.cssSelector: button[type='submit'] is found successful
13517 [Test worker] INFO  manager.MyListener  Start searching element by By.xpath: //button[text()='Ok']
14480 [Test worker] INFO  manager.MyListener  The element with locator by By.xpath: //button[text()='Ok'] is found successful
14481 [Test worker] INFO  manager.MyListener  Start searching element by By.xpath: //button[text()='Ok']
14494 [Test worker] INFO  manager.MyListener  The element with locator by By.xpath: //button[text()='Ok'] is found successful
14529 [Test worker] INFO  manager.MyListener  Start searching element by By.xpath: //input[@id='city']
14729 [Test worker] INFO  manager.MyListener  The element with locator by By.xpath: //input[@id='city'] is found successful
14851 [Test worker] INFO  manager.MyListener  Start searching element by By.cssSelector: .pac-item
15442 [Test worker] INFO  manager.MyListener  The element with locator by By.cssSelector: .pac-item is found successful
15483 [Test worker] INFO  manager.MyListener  Start searching element by By.id: dates
15510 [Test worker] INFO  manager.MyListener  The element with locator by By.id: dates is found successful
15599 [Test worker] INFO  manager.MyListener  Start searching element by By.xpath: //div[@class='mat-calendar-arrow']
15622 [Test worker] INFO  manager.MyListener  The element with locator by By.xpath: //div[@class='mat-calendar-arrow'] is found successful
15680 [Test worker] INFO  manager.MyListener  Start searching element by By.xpath: //div[text()= 2023 ]
15702 [Test worker] INFO  manager.MyListener  The element with locator by By.xpath: //div[text()= 2023 ] is found successful
15749 [Test worker] INFO  manager.MyListener  Start searching element by By.xpath: //div[text()=' APR ']
15764 [Test worker] INFO  manager.MyListener  The element with locator by By.xpath: //div[text()=' APR '] is found successful
15812 [Test worker] INFO  manager.MyListener  Start searching element by By.xpath: //div[contains(text(),'27')]
15837 [Test worker] INFO  manager.MyListener  The element with locator by By.xpath: //div[contains(text(),'27')] is found successful
15893 [Test worker] INFO  manager.MyListener  Start searching element by By.xpath: //div[contains(text(),'30')]
15918 [Test worker] INFO  manager.MyListener  The element with locator by By.xpath: //div[contains(text(),'30')] is found successful
15967 [Test worker] INFO  manager.MyListener  Start searching element by By.cssSelector: button[type='submit']
15990 [Test worker] INFO  manager.MyListener  The element with locator by By.cssSelector: button[type='submit'] is found successful
16047 [Test worker] INFO  manager.MyListener  Start searching element by By.xpath: //div[@class='search-results']
16071 [Test worker] INFO  manager.MyListener  The element with locator by By.xpath: //div[@class='search-results'] is found successful
16075 [Test worker] INFO  manager.MyListener  Start searching element by By.xpath: //button[.='Ok']
26123 [Test worker] INFO  manager.MyListener  The element with locator by By.xpath: //button[.='Ok'] is found successful
26124 [Test worker] INFO  tests.TestBase     ### Finished ###
