3138 [Test worker] INFO  tests.TestBase     ### Start test LoginPositiveTest
3141 [Test worker] INFO  manager.MyListener  Start searching element by By.xpath: //a[normalize-space()='Logout']
13214 [Test worker] INFO  manager.MyListener  The element with locator by By.xpath: //a[normalize-space()='Logout'] is found successful
13215 [Test worker] INFO  manager.NGListener  Start of the test: LoginPositiveTest
13216 [Test worker] INFO  manager.MyListener  Start searching element by By.xpath: //a[text()=' Log in ']
13234 [Test worker] INFO  manager.MyListener  The element with locator by By.xpath: //a[text()=' Log in '] is found successful
13296 [Test worker] INFO  manager.MyListener  Start searching element by By.xpath: //input[@id='email']
13307 [Test worker] INFO  manager.MyListener  The element with locator by By.xpath: //input[@id='email'] is found successful
13463 [Test worker] INFO  manager.MyListener  Start searching element by By.xpath: //input[@id='password']
13483 [Test worker] INFO  manager.MyListener  The element with locator by By.xpath: //input[@id='password'] is found successful
13605 [Test worker] INFO  manager.MyListener  Start searching element by By.cssSelector: button[type='submit']
13626 [Test worker] INFO  manager.MyListener  The element with locator by By.cssSelector: button[type='submit'] is found successful
13641 [Test worker] INFO  manager.MyListener  Start searching element by By.xpath: //a[normalize-space()='Logout']
14594 [Test worker] INFO  manager.MyListener  The element with locator by By.xpath: //a[normalize-space()='Logout'] is found successful
14598 [Test worker] INFO  manager.NGListener  Test success: LoginPositiveTest
14599 [Test worker] INFO  manager.MyListener  Start searching element by By.xpath: //button[.='Ok']
14615 [Test worker] INFO  manager.MyListener  The element with locator by By.xpath: //button[.='Ok'] is found successful
14615 [Test worker] INFO  manager.MyListener  Start searching element by By.xpath: //button[.='Ok']
14631 [Test worker] INFO  manager.MyListener  The element with locator by By.xpath: //button[.='Ok'] is found successful
14663 [Test worker] INFO  tests.TestBase     ### Finished ###
