3055 [Test worker] INFO  tests.TestBase     ### Start test LoginPositiveTest
3057 [Test worker] INFO  manager.MyListener  Start searching element by By.xpath: //a[normalize-space()='Logout']
13095 [Test worker] INFO  manager.MyListener  The element with locator by By.xpath: //a[normalize-space()='Logout'] is found successful
13096 [Test worker] INFO  manager.NGListener  Start of the test: LoginPositiveTest
13096 [Test worker] INFO  manager.MyListener  Start searching element by By.xpath: //a[text()=' Log in ']
13114 [Test worker] INFO  manager.MyListener  The element with locator by By.xpath: //a[text()=' Log in '] is found successful
13182 [Test worker] INFO  manager.MyListener  Start searching element by By.xpath: //input[@id='email']
13205 [Test worker] INFO  manager.MyListener  The element with locator by By.xpath: //input[@id='email'] is found successful
13349 [Test worker] INFO  manager.MyListener  Start searching element by By.xpath: //input[@id='password']
13367 [Test worker] INFO  manager.MyListener  The element with locator by By.xpath: //input[@id='password'] is found successful
13503 [Test worker] INFO  manager.MyListener  Start searching element by By.cssSelector: button[type='submit']
13520 [Test worker] INFO  manager.MyListener  The element with locator by By.cssSelector: button[type='submit'] is found successful
13539 [Test worker] INFO  manager.MyListener  Start searching element by By.xpath: //a[normalize-space()='Logout']
17828 [Test worker] INFO  manager.MyListener  The element with locator by By.xpath: //a[normalize-space()='Logout'] is found successful
17832 [Test worker] INFO  manager.NGListener  Test success: LoginPositiveTest
17833 [Test worker] INFO  manager.MyListener  Start searching element by By.xpath: //button[.='Ok']
17855 [Test worker] INFO  manager.MyListener  The element with locator by By.xpath: //button[.='Ok'] is found successful
17855 [Test worker] INFO  manager.MyListener  Start searching element by By.xpath: //button[.='Ok']
17873 [Test worker] INFO  manager.MyListener  The element with locator by By.xpath: //button[.='Ok'] is found successful
17911 [Test worker] INFO  tests.TestBase     ### Finished ###
17911 [Test worker] INFO  tests.TestBase     ### Start test LoginPositiveTest
17912 [Test worker] INFO  manager.MyListener  Start searching element by By.xpath: //a[normalize-space()='Logout']
17930 [Test worker] INFO  manager.MyListener  The element with locator by By.xpath: //a[normalize-space()='Logout'] is found successful
17930 [Test worker] INFO  manager.MyListener  Start searching element by By.xpath: //a[normalize-space()='Logout']
17949 [Test worker] INFO  manager.MyListener  The element with locator by By.xpath: //a[normalize-space()='Logout'] is found successful
18016 [Test worker] INFO  manager.NGListener  Start of the test: LoginPositiveTest
18017 [Test worker] INFO  manager.MyListener  Start searching element by By.xpath: //a[text()=' Log in ']
18039 [Test worker] INFO  manager.MyListener  The element with locator by By.xpath: //a[text()=' Log in '] is found successful
18101 [Test worker] INFO  manager.MyListener  Start searching element by By.xpath: //input[@id='email']
28137 [Test worker] INFO  manager.MyListener  Something went wrong!
28137 [Test worker] INFO  manager.MyListener  no such element: Unable to locate element: {"method":"xpath","selector":"//input[@id='email']"}
  (Session info: chrome=112.0.5615.49)
For documentation on this error, please visit: https://www.seleniumhq.org/exceptions/no_such_element.html
Build info: version: '3.141.59', revision: 'e82be7d358', time: '2018-11-14T08:17:03'
System info: host: 'HOME-PC', ip: '10.100.102.4', os.name: 'Windows 10', os.arch: 'amd64', os.version: '10.0', java.version: '1.8.0_333'
Driver info: org.openqa.selenium.chrome.ChromeDriver
Capabilities {acceptInsecureCerts: false, browserName: chrome, browserVersion: 112.0.5615.49, chrome: {chromedriverVersion: 111.0.5563.64 (c710e93d5b63..., userDataDir: C:\Program Files (x86)\scop...}, goog:chromeOptions: {debuggerAddress: localhost:52403}, javascriptEnabled: true, networkConnectionEnabled: false, pageLoadStrategy: normal, platform: WINDOWS, platformName: WINDOWS, proxy: Proxy(), setWindowRect: true, strictFileInteractability: false, timeouts: {implicit: 0, pageLoad: 300000, script: 30000}, unhandledPromptBehavior: dismiss and notify, webauthn:extension:credBlob: true, webauthn:extension:largeBlob: true, webauthn:extension:minPinLength: true, webauthn:extension:prf: true, webauthn:virtualAuthenticators: true}
Session ID: 03df627e5edec341b3c884be014de4f0
*** Element info: {Using=xpath, value=//input[@id='email']}
28137 [Test worker] INFO  manager.MyListener  no such element: Unable to locate element: {"method":"xpath","selector":"//input[@id='email']"}
  (Session info: chrome=112.0.5615.49)
For documentation on this error, please visit: https://www.seleniumhq.org/exceptions/no_such_element.html
Build info: version: '3.141.59', revision: 'e82be7d358', time: '2018-11-14T08:17:03'
System info: host: 'HOME-PC', ip: '10.100.102.4', os.name: 'Windows 10', os.arch: 'amd64', os.version: '10.0', java.version: '1.8.0_333'
Driver info: org.openqa.selenium.chrome.ChromeDriver
Capabilities {acceptInsecureCerts: false, browserName: chrome, browserVersion: 112.0.5615.49, chrome: {chromedriverVersion: 111.0.5563.64 (c710e93d5b63..., userDataDir: C:\Program Files (x86)\scop...}, goog:chromeOptions: {debuggerAddress: localhost:52403}, javascriptEnabled: true, networkConnectionEnabled: false, pageLoadStrategy: normal, platform: WINDOWS, platformName: WINDOWS, proxy: Proxy(), setWindowRect: true, strictFileInteractability: false, timeouts: {implicit: 0, pageLoad: 300000, script: 30000}, unhandledPromptBehavior: dismiss and notify, webauthn:extension:credBlob: true, webauthn:extension:largeBlob: true, webauthn:extension:minPinLength: true, webauthn:extension:prf: true, webauthn:virtualAuthenticators: true}
Session ID: 03df627e5edec341b3c884be014de4f0
*** Element info: {Using=xpath, value=//input[@id='email']}
28343 [Test worker] INFO  manager.MyListener  Here is the link to screenshot with error: src/test/screenshots/screenshot-1182.png
28344 [Test worker] INFO  manager.NGListener  Test failure: org.openqa.selenium.NoSuchElementException: no such element: Unable to locate element: {"method":"xpath","selector":"//input[@id='email']"}
  (Session info: chrome=112.0.5615.49)
For documentation on this error, please visit: https://www.seleniumhq.org/exceptions/no_such_element.html
Build info: version: '3.141.59', revision: 'e82be7d358', time: '2018-11-14T08:17:03'
System info: host: 'HOME-PC', ip: '10.100.102.4', os.name: 'Windows 10', os.arch: 'amd64', os.version: '10.0', java.version: '1.8.0_333'
Driver info: org.openqa.selenium.chrome.ChromeDriver
Capabilities {acceptInsecureCerts: false, browserName: chrome, browserVersion: 112.0.5615.49, chrome: {chromedriverVersion: 111.0.5563.64 (c710e93d5b63..., userDataDir: C:\Program Files (x86)\scop...}, goog:chromeOptions: {debuggerAddress: localhost:52403}, javascriptEnabled: true, networkConnectionEnabled: false, pageLoadStrategy: normal, platform: WINDOWS, platformName: WINDOWS, proxy: Proxy(), setWindowRect: true, strictFileInteractability: false, timeouts: {implicit: 0, pageLoad: 300000, script: 30000}, unhandledPromptBehavior: dismiss and notify, webauthn:extension:credBlob: true, webauthn:extension:largeBlob: true, webauthn:extension:minPinLength: true, webauthn:extension:prf: true, webauthn:virtualAuthenticators: true}
Session ID: 03df627e5edec341b3c884be014de4f0
*** Element info: {Using=xpath, value=//input[@id='email']}
28345 [Test worker] INFO  manager.MyListener  Start searching element by By.xpath: //button[.='Ok']
38363 [Test worker] INFO  manager.MyListener  The element with locator by By.xpath: //button[.='Ok'] is found successful
38364 [Test worker] INFO  tests.TestBase     ### Finished ###
38364 [Test worker] INFO  tests.TestBase     ### Start test LoginPositiveTest
38364 [Test worker] INFO  manager.MyListener  Start searching element by By.xpath: //a[normalize-space()='Logout']
48393 [Test worker] INFO  manager.MyListener  The element with locator by By.xpath: //a[normalize-space()='Logout'] is found successful
48393 [Test worker] INFO  manager.NGListener  Start of the test: LoginPositiveTest
48393 [Test worker] INFO  manager.MyListener  Start searching element by By.xpath: //a[text()=' Log in ']
48411 [Test worker] INFO  manager.MyListener  The element with locator by By.xpath: //a[text()=' Log in '] is found successful
48448 [Test worker] INFO  manager.MyListener  Start searching element by By.xpath: //input[@id='email']
48456 [Test worker] INFO  manager.MyListener  The element with locator by By.xpath: //input[@id='email'] is found successful
48599 [Test worker] INFO  manager.MyListener  Start searching element by By.xpath: //input[@id='password']
48615 [Test worker] INFO  manager.MyListener  The element with locator by By.xpath: //input[@id='password'] is found successful
48729 [Test worker] INFO  manager.MyListener  Start searching element by By.cssSelector: button[type='submit']
48742 [Test worker] INFO  manager.MyListener  The element with locator by By.cssSelector: button[type='submit'] is found successful
48761 [Test worker] INFO  manager.MyListener  Start searching element by By.xpath: //a[normalize-space()='Logout']
49097 [Test worker] INFO  manager.MyListener  The element with locator by By.xpath: //a[normalize-space()='Logout'] is found successful
49097 [Test worker] INFO  manager.NGListener  Test success: LoginPositiveTest
49098 [Test worker] INFO  manager.MyListener  Start searching element by By.xpath: //button[.='Ok']
49115 [Test worker] INFO  manager.MyListener  The element with locator by By.xpath: //button[.='Ok'] is found successful
49115 [Test worker] INFO  manager.MyListener  Start searching element by By.xpath: //button[.='Ok']
49132 [Test worker] INFO  manager.MyListener  The element with locator by By.xpath: //button[.='Ok'] is found successful
49170 [Test worker] INFO  tests.TestBase     ### Finished ###
